2013/08/12 11:23:20 [error] [system.db.CDbCommand] CDbCommand::fetch() failed: SQLSTATE[HY093]: Invalid parameter number: parameter was not defined. The SQL statement executed was: SELECT username FROM `category` `t` WHERE id=:id LIMIT 1.
in /home/yongji/www/yii/show/protected/models/Category.php (105)
in /home/yongji/www/yii/show/protected/controllers/CategoryController.php (5)
in /home/yongji/www/yii/show/index.php (13)
2013/08/12 11:23:20 [error] [exception.CDbException] exception 'CDbException' with message 'CDbCommand failed to execute the SQL statement: SQLSTATE[HY093]: Invalid parameter number: parameter was not defined. The SQL statement executed was: SELECT username FROM `category` `t` WHERE id=:id LIMIT 1' in /home/yongji/www/yii/framework/db/CDbCommand.php:543
Stack trace:
#0 /home/yongji/www/yii/framework/db/CDbCommand.php(415): CDbCommand->queryInternal('fetch', Array, Array)
#1 /home/yongji/www/yii/framework/db/ar/CActiveRecord.php(1351): CDbCommand->queryRow()
#2 /home/yongji/www/yii/framework/db/ar/CActiveRecord.php(1456): CActiveRecord->query(Object(CDbCriteria))
#3 /home/yongji/www/yii/show/protected/models/Category.php(105): CActiveRecord->find(Object(CDbCriteria))
#4 /home/yongji/www/yii/show/protected/controllers/CategoryController.php(5): Category->getPid(1)
#5 /home/yongji/www/yii/framework/web/actions/CInlineAction.php(49): CategoryController->actionIndex()
#6 /home/yongji/www/yii/framework/web/CController.php(308): CInlineAction->runWithParams(Array)
#7 /home/yongji/www/yii/framework/web/CController.php(286): CController->runAction(Object(CInlineAction))
#8 /home/yongji/www/yii/framework/web/CController.php(265): CController->runActionWithFilters(Object(CInlineAction), Array)
#9 /home/yongji/www/yii/framework/web/CWebApplication.php(282): CController->run('index')
#10 /home/yongji/www/yii/framework/web/CWebApplication.php(141): CWebApplication->runController('category/index')
#11 /home/yongji/www/yii/framework/base/CApplication.php(180): CWebApplication->processRequest()
#12 /home/yongji/www/yii/show/index.php(13): CApplication->run()
#13 {main}
REQUEST_URI=/category/index
---
2013/08/12 11:23:55 [error] [system.db.CDbCommand] CDbCommand::fetch() failed: SQLSTATE[HY093]: Invalid parameter number: parameter was not defined. The SQL statement executed was: SELECT username FROM `category` `t` WHERE id=:id LIMIT 1.
in /home/yongji/www/yii/show/protected/models/Category.php (105)
in /home/yongji/www/yii/show/protected/controllers/CategoryController.php (5)
in /home/yongji/www/yii/show/index.php (13)
2013/08/12 11:23:55 [error] [exception.CDbException] exception 'CDbException' with message 'CDbCommand failed to execute the SQL statement: SQLSTATE[HY093]: Invalid parameter number: parameter was not defined. The SQL statement executed was: SELECT username FROM `category` `t` WHERE id=:id LIMIT 1' in /home/yongji/www/yii/framework/db/CDbCommand.php:543
Stack trace:
#0 /home/yongji/www/yii/framework/db/CDbCommand.php(415): CDbCommand->queryInternal('fetch', Array, Array)
#1 /home/yongji/www/yii/framework/db/ar/CActiveRecord.php(1351): CDbCommand->queryRow()
#2 /home/yongji/www/yii/framework/db/ar/CActiveRecord.php(1456): CActiveRecord->query(Object(CDbCriteria))
#3 /home/yongji/www/yii/show/protected/models/Category.php(105): CActiveRecord->find(Object(CDbCriteria))
#4 /home/yongji/www/yii/show/protected/controllers/CategoryController.php(5): Category->getPid(1)
#5 /home/yongji/www/yii/framework/web/actions/CInlineAction.php(49): CategoryController->actionIndex()
#6 /home/yongji/www/yii/framework/web/CController.php(308): CInlineAction->runWithParams(Array)
#7 /home/yongji/www/yii/framework/web/CController.php(286): CController->runAction(Object(CInlineAction))
#8 /home/yongji/www/yii/framework/web/CController.php(265): CController->runActionWithFilters(Object(CInlineAction), Array)
#9 /home/yongji/www/yii/framework/web/CWebApplication.php(282): CController->run('index')
#10 /home/yongji/www/yii/framework/web/CWebApplication.php(141): CWebApplication->runController('category/index')
#11 /home/yongji/www/yii/framework/base/CApplication.php(180): CWebApplication->processRequest()
#12 /home/yongji/www/yii/show/index.php(13): CApplication->run()
#13 {main}
REQUEST_URI=/category/index
---
2013/08/12 11:27:10 [error] [php] Undefined index: username (/home/yongji/www/yii/show/protected/controllers/CategoryController.php:6)
Stack trace:
#0 /home/yongji/www/yii/framework/web/CController.php(286): CategoryController->runAction()
#1 /home/yongji/www/yii/framework/web/CController.php(265): CategoryController->runActionWithFilters()
#2 /home/yongji/www/yii/framework/web/CWebApplication.php(282): CategoryController->run()
#3 /home/yongji/www/yii/framework/web/CWebApplication.php(141): CWebApplication->runController()
#4 /home/yongji/www/yii/framework/base/CApplication.php(180): CWebApplication->processRequest()
#5 /home/yongji/www/yii/show/index.php(13): CWebApplication->run()
REQUEST_URI=/category/index
in /home/yongji/www/yii/show/protected/controllers/CategoryController.php (6)
in /home/yongji/www/yii/show/index.php (13)
2013/08/12 11:30:14 [error] [php] Undefined index: username (/home/yongji/www/yii/show/protected/controllers/CategoryController.php:6)
Stack trace:
#0 /home/yongji/www/yii/framework/web/CController.php(286): CategoryController->runAction()
#1 /home/yongji/www/yii/framework/web/CController.php(265): CategoryController->runActionWithFilters()
#2 /home/yongji/www/yii/framework/web/CWebApplication.php(282): CategoryController->run()
#3 /home/yongji/www/yii/framework/web/CWebApplication.php(141): CWebApplication->runController()
#4 /home/yongji/www/yii/framework/base/CApplication.php(180): CWebApplication->processRequest()
#5 /home/yongji/www/yii/show/index.php(13): CWebApplication->run()
REQUEST_URI=/category/index
in /home/yongji/www/yii/show/protected/controllers/CategoryController.php (6)
in /home/yongji/www/yii/show/index.php (13)
2013/08/12 11:30:15 [error] [php] Undefined index: username (/home/yongji/www/yii/show/protected/controllers/CategoryController.php:6)
Stack trace:
#0 /home/yongji/www/yii/framework/web/CController.php(286): CategoryController->runAction()
#1 /home/yongji/www/yii/framework/web/CController.php(265): CategoryController->runActionWithFilters()
#2 /home/yongji/www/yii/framework/web/CWebApplication.php(282): CategoryController->run()
#3 /home/yongji/www/yii/framework/web/CWebApplication.php(141): CWebApplication->runController()
#4 /home/yongji/www/yii/framework/base/CApplication.php(180): CWebApplication->processRequest()
#5 /home/yongji/www/yii/show/index.php(13): CWebApplication->run()
REQUEST_URI=/category/index
in /home/yongji/www/yii/show/protected/controllers/CategoryController.php (6)
in /home/yongji/www/yii/show/index.php (13)
2013/08/12 11:30:16 [error] [php] Undefined index: username (/home/yongji/www/yii/show/protected/controllers/CategoryController.php:6)
Stack trace:
#0 /home/yongji/www/yii/framework/web/CController.php(286): CategoryController->runAction()
#1 /home/yongji/www/yii/framework/web/CController.php(265): CategoryController->runActionWithFilters()
#2 /home/yongji/www/yii/framework/web/CWebApplication.php(282): CategoryController->run()
#3 /home/yongji/www/yii/framework/web/CWebApplication.php(141): CWebApplication->runController()
#4 /home/yongji/www/yii/framework/base/CApplication.php(180): CWebApplication->processRequest()
#5 /home/yongji/www/yii/show/index.php(13): CWebApplication->run()
REQUEST_URI=/category/index
in /home/yongji/www/yii/show/protected/controllers/CategoryController.php (6)
in /home/yongji/www/yii/show/index.php (13)
2013/08/12 11:33:55 [error] [php] Undefined variable: username (/home/yongji/www/yii/show/protected/views/category/index.php:1)
Stack trace:
#0 /home/yongji/www/yii/framework/web/CController.php(869): CategoryController->renderFile()
#1 /home/yongji/www/yii/framework/web/CController.php(782): CategoryController->renderPartial()
#2 /home/yongji/www/yii/show/protected/controllers/CategoryController.php(12): CategoryController->render()
#3 /home/yongji/www/yii/framework/web/actions/CInlineAction.php(49): CategoryController->actionShow()
#4 /home/yongji/www/yii/framework/web/CController.php(308): CInlineAction->runWithParams()
#5 /home/yongji/www/yii/framework/web/CController.php(286): CategoryController->runAction()
#6 /home/yongji/www/yii/framework/web/CController.php(265): CategoryController->runActionWithFilters()
#7 /home/yongji/www/yii/framework/web/CWebApplication.php(282): CategoryController->run()
#8 /home/yongji/www/yii/framework/web/CWebApplication.php(141): CWebApplication->runController()
#9 /home/yongji/www/yii/framework/base/CApplication.php(180): CWebApplication->processRequest()
#10 /home/yongji/www/yii/show/index.php(13): CWebApplication->run()
REQUEST_URI=/category/show
in /home/yongji/www/yii/show/protected/views/category/index.php (1)
in /home/yongji/www/yii/show/protected/controllers/CategoryController.php (12)
in /home/yongji/www/yii/show/index.php (13)
2013/08/12 11:37:10 [error] [exception.CException] exception 'CException' with message 'Property "CMenu.0" is not defined.' in /home/yongji/www/yii/framework/base/CComponent.php:173
Stack trace:
#0 /home/yongji/www/yii/framework/web/CWidgetFactory.php(161): CComponent->__set('0', Array)
#1 /home/yongji/www/yii/framework/web/CBaseController.php(146): CWidgetFactory->createWidget(Object(CategoryController), 'zii.widgets.CMe...', Array)
#2 /home/yongji/www/yii/framework/web/CBaseController.php(172): CBaseController->createWidget('zii.widgets.CMe...', Array)
#3 /home/yongji/www/yii/show/protected/views/category/show.php(6): CBaseController->widget('zii.widgets.CMe...', Array)
#4 /home/yongji/www/yii/framework/web/CBaseController.php(126): require('/home/yongji/ww...')
#5 /home/yongji/www/yii/framework/web/CBaseController.php(95): CBaseController->renderInternal('/home/yongji/ww...', Array, true)
#6 /home/yongji/www/yii/framework/web/CController.php(869): CBaseController->renderFile('/home/yongji/ww...', Array, true)
#7 /home/yongji/www/yii/framework/web/CController.php(782): CController->renderPartial('show', Array, true)
#8 /home/yongji/www/yii/show/protected/controllers/CategoryController.php(12): CController->render('show', Array)
#9 /home/yongji/www/yii/framework/web/actions/CInlineAction.php(49): CategoryController->actionShow()
#10 /home/yongji/www/yii/framework/web/CController.php(308): CInlineAction->runWithParams(Array)
#11 /home/yongji/www/yii/framework/web/CController.php(286): CController->runAction(Object(CInlineAction))
#12 /home/yongji/www/yii/framework/web/CController.php(265): CController->runActionWithFilters(Object(CInlineAction), Array)
#13 /home/yongji/www/yii/framework/web/CWebApplication.php(282): CController->run('show')
#14 /home/yongji/www/yii/framework/web/CWebApplication.php(141): CWebApplication->runController('category/show')
#15 /home/yongji/www/yii/framework/base/CApplication.php(180): CWebApplication->processRequest()
#16 /home/yongji/www/yii/show/index.php(13): CApplication->run()
#17 {main}
REQUEST_URI=/category/show
---
2013/08/12 11:37:45 [error] [exception.CException] exception 'CException' with message 'Property "CMenu.0" is not defined.' in /home/yongji/www/yii/framework/base/CComponent.php:173
Stack trace:
#0 /home/yongji/www/yii/framework/web/CWidgetFactory.php(161): CComponent->__set('0', Array)
#1 /home/yongji/www/yii/framework/web/CBaseController.php(146): CWidgetFactory->createWidget(Object(CategoryController), 'zii.widgets.CMe...', Array)
#2 /home/yongji/www/yii/framework/web/CBaseController.php(172): CBaseController->createWidget('zii.widgets.CMe...', Array)
#3 /home/yongji/www/yii/show/protected/views/category/show.php(6): CBaseController->widget('zii.widgets.CMe...', Array)
#4 /home/yongji/www/yii/framework/web/CBaseController.php(126): require('/home/yongji/ww...')
#5 /home/yongji/www/yii/framework/web/CBaseController.php(95): CBaseController->renderInternal('/home/yongji/ww...', Array, true)
#6 /home/yongji/www/yii/framework/web/CController.php(869): CBaseController->renderFile('/home/yongji/ww...', Array, true)
#7 /home/yongji/www/yii/framework/web/CController.php(782): CController->renderPartial('show', Array, true)
#8 /home/yongji/www/yii/show/protected/controllers/CategoryController.php(12): CController->render('show', Array)
#9 /home/yongji/www/yii/framework/web/actions/CInlineAction.php(49): CategoryController->actionShow()
#10 /home/yongji/www/yii/framework/web/CController.php(308): CInlineAction->runWithParams(Array)
#11 /home/yongji/www/yii/framework/web/CController.php(286): CController->runAction(Object(CInlineAction))
#12 /home/yongji/www/yii/framework/web/CController.php(265): CController->runActionWithFilters(Object(CInlineAction), Array)
#13 /home/yongji/www/yii/framework/web/CWebApplication.php(282): CController->run('show')
#14 /home/yongji/www/yii/framework/web/CWebApplication.php(141): CWebApplication->runController('category/show')
#15 /home/yongji/www/yii/framework/base/CApplication.php(180): CWebApplication->processRequest()
#16 /home/yongji/www/yii/show/index.php(13): CApplication->run()
#17 {main}
REQUEST_URI=/category/show
---
2013/08/12 11:37:46 [error] [exception.CException] exception 'CException' with message 'Property "CMenu.0" is not defined.' in /home/yongji/www/yii/framework/base/CComponent.php:173
Stack trace:
#0 /home/yongji/www/yii/framework/web/CWidgetFactory.php(161): CComponent->__set('0', Array)
#1 /home/yongji/www/yii/framework/web/CBaseController.php(146): CWidgetFactory->createWidget(Object(CategoryController), 'zii.widgets.CMe...', Array)
#2 /home/yongji/www/yii/framework/web/CBaseController.php(172): CBaseController->createWidget('zii.widgets.CMe...', Array)
#3 /home/yongji/www/yii/show/protected/views/category/show.php(6): CBaseController->widget('zii.widgets.CMe...', Array)
#4 /home/yongji/www/yii/framework/web/CBaseController.php(126): require('/home/yongji/ww...')
#5 /home/yongji/www/yii/framework/web/CBaseController.php(95): CBaseController->renderInternal('/home/yongji/ww...', Array, true)
#6 /home/yongji/www/yii/framework/web/CController.php(869): CBaseController->renderFile('/home/yongji/ww...', Array, true)
#7 /home/yongji/www/yii/framework/web/CController.php(782): CController->renderPartial('show', Array, true)
#8 /home/yongji/www/yii/show/protected/controllers/CategoryController.php(12): CController->render('show', Array)
#9 /home/yongji/www/yii/framework/web/actions/CInlineAction.php(49): CategoryController->actionShow()
#10 /home/yongji/www/yii/framework/web/CController.php(308): CInlineAction->runWithParams(Array)
#11 /home/yongji/www/yii/framework/web/CController.php(286): CController->runAction(Object(CInlineAction))
#12 /home/yongji/www/yii/framework/web/CController.php(265): CController->runActionWithFilters(Object(CInlineAction), Array)
#13 /home/yongji/www/yii/framework/web/CWebApplication.php(282): CController->run('show')
#14 /home/yongji/www/yii/framework/web/CWebApplication.php(141): CWebApplication->runController('category/show')
#15 /home/yongji/www/yii/framework/base/CApplication.php(180): CWebApplication->processRequest()
#16 /home/yongji/www/yii/show/index.php(13): CApplication->run()
#17 {main}
REQUEST_URI=/category/show
---
2013/08/12 11:40:15 [error] [exception.CException] exception 'CException' with message 'Property "CMenu.0" is not defined.' in /home/yongji/www/yii/framework/base/CComponent.php:173
Stack trace:
#0 /home/yongji/www/yii/framework/web/CWidgetFactory.php(161): CComponent->__set('0', Array)
#1 /home/yongji/www/yii/framework/web/CBaseController.php(146): CWidgetFactory->createWidget(Object(CategoryController), 'zii.widgets.CMe...', Array)
#2 /home/yongji/www/yii/framework/web/CBaseController.php(172): CBaseController->createWidget('zii.widgets.CMe...', Array)
#3 /home/yongji/www/yii/show/protected/views/category/show.php(6): CBaseController->widget('zii.widgets.CMe...', Array)
#4 /home/yongji/www/yii/framework/web/CBaseController.php(126): require('/home/yongji/ww...')
#5 /home/yongji/www/yii/framework/web/CBaseController.php(95): CBaseController->renderInternal('/home/yongji/ww...', Array, true)
#6 /home/yongji/www/yii/framework/web/CController.php(869): CBaseController->renderFile('/home/yongji/ww...', Array, true)
#7 /home/yongji/www/yii/framework/web/CController.php(782): CController->renderPartial('show', Array, true)
#8 /home/yongji/www/yii/show/protected/controllers/CategoryController.php(12): CController->render('show', Array)
#9 /home/yongji/www/yii/framework/web/actions/CInlineAction.php(49): CategoryController->actionShow()
#10 /home/yongji/www/yii/framework/web/CController.php(308): CInlineAction->runWithParams(Array)
#11 /home/yongji/www/yii/framework/web/CController.php(286): CController->runAction(Object(CInlineAction))
#12 /home/yongji/www/yii/framework/web/CController.php(265): CController->runActionWithFilters(Object(CInlineAction), Array)
#13 /home/yongji/www/yii/framework/web/CWebApplication.php(282): CController->run('show')
#14 /home/yongji/www/yii/framework/web/CWebApplication.php(141): CWebApplication->runController('category/show')
#15 /home/yongji/www/yii/framework/base/CApplication.php(180): CWebApplication->processRequest()
#16 /home/yongji/www/yii/show/index.php(13): CApplication->run()
#17 {main}
REQUEST_URI=/category/show
---
2013/08/12 11:40:36 [error] [exception.CException] exception 'CException' with message 'Property "CMenu.0" is not defined.' in /home/yongji/www/yii/framework/base/CComponent.php:173
Stack trace:
#0 /home/yongji/www/yii/framework/web/CWidgetFactory.php(161): CComponent->__set('0', Array)
#1 /home/yongji/www/yii/framework/web/CBaseController.php(146): CWidgetFactory->createWidget(Object(CategoryController), 'zii.widgets.CMe...', Array)
#2 /home/yongji/www/yii/framework/web/CBaseController.php(172): CBaseController->createWidget('zii.widgets.CMe...', Array)
#3 /home/yongji/www/yii/show/protected/views/category/show.php(6): CBaseController->widget('zii.widgets.CMe...', Array)
#4 /home/yongji/www/yii/framework/web/CBaseController.php(126): require('/home/yongji/ww...')
#5 /home/yongji/www/yii/framework/web/CBaseController.php(95): CBaseController->renderInternal('/home/yongji/ww...', Array, true)
#6 /home/yongji/www/yii/framework/web/CController.php(869): CBaseController->renderFile('/home/yongji/ww...', Array, true)
#7 /home/yongji/www/yii/framework/web/CController.php(782): CController->renderPartial('show', Array, true)
#8 /home/yongji/www/yii/show/protected/controllers/CategoryController.php(12): CController->render('show', Array)
#9 /home/yongji/www/yii/framework/web/actions/CInlineAction.php(49): CategoryController->actionShow()
#10 /home/yongji/www/yii/framework/web/CController.php(308): CInlineAction->runWithParams(Array)
#11 /home/yongji/www/yii/framework/web/CController.php(286): CController->runAction(Object(CInlineAction))
#12 /home/yongji/www/yii/framework/web/CController.php(265): CController->runActionWithFilters(Object(CInlineAction), Array)
#13 /home/yongji/www/yii/framework/web/CWebApplication.php(282): CController->run('show')
#14 /home/yongji/www/yii/framework/web/CWebApplication.php(141): CWebApplication->runController('category/show')
#15 /home/yongji/www/yii/framework/base/CApplication.php(180): CWebApplication->processRequest()
#16 /home/yongji/www/yii/show/index.php(13): CApplication->run()
#17 {main}
REQUEST_URI=/category/show
---
2013/08/12 13:38:16 [error] [php] Object of class CClientScript could not be converted to string (/home/yongji/www/yii/show/protected/views/layouts/main.php:17)
Stack trace:
#0 /home/yongji/www/yii/framework/web/widgets/CContentDecorator.php(76): CategoryController->renderFile()
#1 /home/yongji/www/yii/framework/web/widgets/CContentDecorator.php(54): CContentDecorator->decorate()
#2 /home/yongji/www/yii/framework/web/widgets/COutputProcessor.php(44): CContentDecorator->processOutput()
#3 /home/yongji/www/yii/framework/web/CBaseController.php(206): CContentDecorator->run()
#4 /home/yongji/www/yii/framework/web/CBaseController.php(300): CategoryController->endWidget()
#5 /home/yongji/www/yii/show/protected/views/layouts/column1.php(6): CategoryController->endContent()
#6 /home/yongji/www/yii/framework/web/CBaseController.php(126): require()
#7 /home/yongji/www/yii/framework/web/CBaseController.php(95): CategoryController->renderInternal()
#8 /home/yongji/www/yii/framework/web/CController.php(784): CategoryController->renderFile()
#9 /home/yongji/www/yii/show/protected/controllers/CategoryController.php(12): CategoryController->render()
#10 /home/yongji/www/yii/framework/web/actions/CInlineAction.php(49): CategoryController->actionShow()
#11 /home/yongji/www/yii/framework/web/CController.php(308): CInlineAction->runWithParams()
#12 /home/yongji/www/yii/framework/web/CController.php(286): CategoryController->runAction()
#13 /home/yongji/www/yii/framework/web/CController.php(265): CategoryController->runActionWithFilters()
#14 /home/yongji/www/yii/framework/web/CWebApplication.php(282): CategoryController->run()
#15 /home/yongji/www/yii/framework/web/CWebApplication.php(141): CWebApplication->runController()
#16 /home/yongji/www/yii/framework/base/CApplication.php(180): CWebApplication->processRequest()
#17 /home/yongji/www/yii/show/index.php(13): CWebApplication->run()
REQUEST_URI=/index.php/category/show
in /home/yongji/www/yii/show/protected/views/layouts/main.php (17)
in /home/yongji/www/yii/show/protected/views/layouts/column1.php (6)
in /home/yongji/www/yii/show/protected/controllers/CategoryController.php (12)
2013/08/12 13:41:57 [error] [php] Object of class CClientScript could not be converted to string (/home/yongji/www/yii/show/protected/views/layouts/main.php:17)
Stack trace:
#0 /home/yongji/www/yii/framework/web/widgets/CContentDecorator.php(76): CategoryController->renderFile()
#1 /home/yongji/www/yii/framework/web/widgets/CContentDecorator.php(54): CContentDecorator->decorate()
#2 /home/yongji/www/yii/framework/web/widgets/COutputProcessor.php(44): CContentDecorator->processOutput()
#3 /home/yongji/www/yii/framework/web/CBaseController.php(206): CContentDecorator->run()
#4 /home/yongji/www/yii/framework/web/CBaseController.php(300): CategoryController->endWidget()
#5 /home/yongji/www/yii/show/protected/views/layouts/column1.php(6): CategoryController->endContent()
#6 /home/yongji/www/yii/framework/web/CBaseController.php(126): require()
#7 /home/yongji/www/yii/framework/web/CBaseController.php(95): CategoryController->renderInternal()
#8 /home/yongji/www/yii/framework/web/CController.php(784): CategoryController->renderFile()
#9 /home/yongji/www/yii/show/protected/controllers/CategoryController.php(12): CategoryController->render()
#10 /home/yongji/www/yii/framework/web/actions/CInlineAction.php(49): CategoryController->actionShow()
#11 /home/yongji/www/yii/framework/web/CController.php(308): CInlineAction->runWithParams()
#12 /home/yongji/www/yii/framework/web/CController.php(286): CategoryController->runAction()
#13 /home/yongji/www/yii/framework/web/CController.php(265): CategoryController->runActionWithFilters()
#14 /home/yongji/www/yii/framework/web/CWebApplication.php(282): CategoryController->run()
#15 /home/yongji/www/yii/framework/web/CWebApplication.php(141): CWebApplication->runController()
#16 /home/yongji/www/yii/framework/base/CApplication.php(180): CWebApplication->processRequest()
#17 /home/yongji/www/yii/show/index.php(13): CWebApplication->run()
REQUEST_URI=/index.php/category/show
in /home/yongji/www/yii/show/protected/views/layouts/main.php (17)
in /home/yongji/www/yii/show/protected/views/layouts/column1.php (6)
in /home/yongji/www/yii/show/protected/controllers/CategoryController.php (12)
2013/08/12 13:43:30 [error] [php] Object of class CClientScript could not be converted to string (/home/yongji/www/yii/show/protected/views/layouts/main.php:17)
Stack trace:
#0 /home/yongji/www/yii/framework/web/widgets/CContentDecorator.php(76): CategoryController->renderFile()
#1 /home/yongji/www/yii/framework/web/widgets/CContentDecorator.php(54): CContentDecorator->decorate()
#2 /home/yongji/www/yii/framework/web/widgets/COutputProcessor.php(44): CContentDecorator->processOutput()
#3 /home/yongji/www/yii/framework/web/CBaseController.php(206): CContentDecorator->run()
#4 /home/yongji/www/yii/framework/web/CBaseController.php(300): CategoryController->endWidget()
#5 /home/yongji/www/yii/show/protected/views/layouts/column1.php(6): CategoryController->endContent()
#6 /home/yongji/www/yii/framework/web/CBaseController.php(126): require()
#7 /home/yongji/www/yii/framework/web/CBaseController.php(95): CategoryController->renderInternal()
#8 /home/yongji/www/yii/framework/web/CController.php(784): CategoryController->renderFile()
#9 /home/yongji/www/yii/show/protected/controllers/CategoryController.php(12): CategoryController->render()
#10 /home/yongji/www/yii/framework/web/actions/CInlineAction.php(49): CategoryController->actionShow()
#11 /home/yongji/www/yii/framework/web/CController.php(308): CInlineAction->runWithParams()
#12 /home/yongji/www/yii/framework/web/CController.php(286): CategoryController->runAction()
#13 /home/yongji/www/yii/framework/web/CController.php(265): CategoryController->runActionWithFilters()
#14 /home/yongji/www/yii/framework/web/CWebApplication.php(282): CategoryController->run()
#15 /home/yongji/www/yii/framework/web/CWebApplication.php(141): CWebApplication->runController()
#16 /home/yongji/www/yii/framework/base/CApplication.php(180): CWebApplication->processRequest()
#17 /home/yongji/www/yii/show/index.php(13): CWebApplication->run()
REQUEST_URI=/index.php/category/show
in /home/yongji/www/yii/show/protected/views/layouts/main.php (17)
in /home/yongji/www/yii/show/protected/views/layouts/column1.php (6)
in /home/yongji/www/yii/show/protected/controllers/CategoryController.php (12)
2013/08/12 13:43:46 [error] [php] Object of class CClientScript could not be converted to string (/home/yongji/www/yii/show/protected/views/layouts/main.php:17)
Stack trace:
#0 /home/yongji/www/yii/framework/web/widgets/CContentDecorator.php(76): CategoryController->renderFile()
#1 /home/yongji/www/yii/framework/web/widgets/CContentDecorator.php(54): CContentDecorator->decorate()
#2 /home/yongji/www/yii/framework/web/widgets/COutputProcessor.php(44): CContentDecorator->processOutput()
#3 /home/yongji/www/yii/framework/web/CBaseController.php(206): CContentDecorator->run()
#4 /home/yongji/www/yii/framework/web/CBaseController.php(300): CategoryController->endWidget()
#5 /home/yongji/www/yii/show/protected/views/layouts/column1.php(6): CategoryController->endContent()
#6 /home/yongji/www/yii/framework/web/CBaseController.php(126): require()
#7 /home/yongji/www/yii/framework/web/CBaseController.php(95): CategoryController->renderInternal()
#8 /home/yongji/www/yii/framework/web/CController.php(784): CategoryController->renderFile()
#9 /home/yongji/www/yii/show/protected/controllers/CategoryController.php(12): CategoryController->render()
#10 /home/yongji/www/yii/framework/web/actions/CInlineAction.php(49): CategoryController->actionShow()
#11 /home/yongji/www/yii/framework/web/CController.php(308): CInlineAction->runWithParams()
#12 /home/yongji/www/yii/framework/web/CController.php(286): CategoryController->runAction()
#13 /home/yongji/www/yii/framework/web/CController.php(265): CategoryController->runActionWithFilters()
#14 /home/yongji/www/yii/framework/web/CWebApplication.php(282): CategoryController->run()
#15 /home/yongji/www/yii/framework/web/CWebApplication.php(141): CWebApplication->runController()
#16 /home/yongji/www/yii/framework/base/CApplication.php(180): CWebApplication->processRequest()
#17 /home/yongji/www/yii/show/index.php(13): CWebApplication->run()
REQUEST_URI=/index.php/category/show
in /home/yongji/www/yii/show/protected/views/layouts/main.php (17)
in /home/yongji/www/yii/show/protected/views/layouts/column1.php (6)
in /home/yongji/www/yii/show/protected/controllers/CategoryController.php (12)
2013/08/12 13:44:13 [error] [php] Object of class CClientScript could not be converted to string (/home/yongji/www/yii/show/protected/views/layouts/main.php:17)
Stack trace:
#0 /home/yongji/www/yii/framework/web/widgets/CContentDecorator.php(76): CategoryController->renderFile()
#1 /home/yongji/www/yii/framework/web/widgets/CContentDecorator.php(54): CContentDecorator->decorate()
#2 /home/yongji/www/yii/framework/web/widgets/COutputProcessor.php(44): CContentDecorator->processOutput()
#3 /home/yongji/www/yii/framework/web/CBaseController.php(206): CContentDecorator->run()
#4 /home/yongji/www/yii/framework/web/CBaseController.php(300): CategoryController->endWidget()
#5 /home/yongji/www/yii/show/protected/views/layouts/column1.php(6): CategoryController->endContent()
#6 /home/yongji/www/yii/framework/web/CBaseController.php(126): require()
#7 /home/yongji/www/yii/framework/web/CBaseController.php(95): CategoryController->renderInternal()
#8 /home/yongji/www/yii/framework/web/CController.php(784): CategoryController->renderFile()
#9 /home/yongji/www/yii/show/protected/controllers/CategoryController.php(12): CategoryController->render()
#10 /home/yongji/www/yii/framework/web/actions/CInlineAction.php(49): CategoryController->actionShow()
#11 /home/yongji/www/yii/framework/web/CController.php(308): CInlineAction->runWithParams()
#12 /home/yongji/www/yii/framework/web/CController.php(286): CategoryController->runAction()
#13 /home/yongji/www/yii/framework/web/CController.php(265): CategoryController->runActionWithFilters()
#14 /home/yongji/www/yii/framework/web/CWebApplication.php(282): CategoryController->run()
#15 /home/yongji/www/yii/framework/web/CWebApplication.php(141): CWebApplication->runController()
#16 /home/yongji/www/yii/framework/base/CApplication.php(180): CWebApplication->processRequest()
#17 /home/yongji/www/yii/show/index.php(13): CWebApplication->run()
REQUEST_URI=/index.php/category/show
in /home/yongji/www/yii/show/protected/views/layouts/main.php (17)
in /home/yongji/www/yii/show/protected/views/layouts/column1.php (6)
in /home/yongji/www/yii/show/protected/controllers/CategoryController.php (12)
2013/08/12 13:48:27 [error] [exception.CHttpException.404] exception 'CHttpException' with message 'Unable to resolve the request "js/jquery.js".' in /home/yongji/www/yii/framework/web/CWebApplication.php:286
Stack trace:
#0 /home/yongji/www/yii/framework/web/CWebApplication.php(141): CWebApplication->runController('js/jquery.js')
#1 /home/yongji/www/yii/framework/base/CApplication.php(180): CWebApplication->processRequest()
#2 /home/yongji/www/yii/show/index.php(13): CApplication->run()
#3 {main}
REQUEST_URI=/js/jquery.js
HTTP_REFERER=http://show.seedit.me/index.php/category/show
---
2013/08/12 13:49:19 [error] [exception.CHttpException.404] exception 'CHttpException' with message 'Unable to resolve the request "js/jqueryui/jquery-ui.min.js".' in /home/yongji/www/yii/framework/web/CWebApplication.php:286
Stack trace:
#0 /home/yongji/www/yii/framework/web/CWebApplication.php(141): CWebApplication->runController('js/jqueryui/jqu...')
#1 /home/yongji/www/yii/framework/base/CApplication.php(180): CWebApplication->processRequest()
#2 /home/yongji/www/yii/show/index.php(13): CApplication->run()
#3 {main}
REQUEST_URI=/js/jqueryui/jquery-ui.min.js
HTTP_REFERER=http://show.seedit.me/index.php/category/show
---
2013/08/12 13:49:35 [error] [php] Object of class CClientScript could not be converted to string (/home/yongji/www/yii/show/protected/views/layouts/main.php:17)
Stack trace:
#0 /home/yongji/www/yii/framework/web/widgets/CContentDecorator.php(76): CategoryController->renderFile()
#1 /home/yongji/www/yii/framework/web/widgets/CContentDecorator.php(54): CContentDecorator->decorate()
#2 /home/yongji/www/yii/framework/web/widgets/COutputProcessor.php(44): CContentDecorator->processOutput()
#3 /home/yongji/www/yii/framework/web/CBaseController.php(206): CContentDecorator->run()
#4 /home/yongji/www/yii/framework/web/CBaseController.php(300): CategoryController->endWidget()
#5 /home/yongji/www/yii/show/protected/views/layouts/column1.php(6): CategoryController->endContent()
#6 /home/yongji/www/yii/framework/web/CBaseController.php(126): require()
#7 /home/yongji/www/yii/framework/web/CBaseController.php(95): CategoryController->renderInternal()
#8 /home/yongji/www/yii/framework/web/CController.php(784): CategoryController->renderFile()
#9 /home/yongji/www/yii/show/protected/controllers/CategoryController.php(12): CategoryController->render()
#10 /home/yongji/www/yii/framework/web/actions/CInlineAction.php(49): CategoryController->actionShow()
#11 /home/yongji/www/yii/framework/web/CController.php(308): CInlineAction->runWithParams()
#12 /home/yongji/www/yii/framework/web/CController.php(286): CategoryController->runAction()
#13 /home/yongji/www/yii/framework/web/CController.php(265): CategoryController->runActionWithFilters()
#14 /home/yongji/www/yii/framework/web/CWebApplication.php(282): CategoryController->run()
#15 /home/yongji/www/yii/framework/web/CWebApplication.php(141): CWebApplication->runController()
#16 /home/yongji/www/yii/framework/base/CApplication.php(180): CWebApplication->processRequest()
#17 /home/yongji/www/yii/show/index.php(13): CWebApplication->run()
REQUEST_URI=/index.php/category/show
in /home/yongji/www/yii/show/protected/views/layouts/main.php (17)
in /home/yongji/www/yii/show/protected/views/layouts/column1.php (6)
in /home/yongji/www/yii/show/protected/controllers/CategoryController.php (12)
2013/08/12 15:09:46 [error] [php] Object of class CMemCache could not be converted to string (/home/yongji/www/yii/show/protected/views/category/show.php:11)
Stack trace:
#0 /home/yongji/www/yii/framework/web/CController.php(869): CategoryController->renderFile()
#1 /home/yongji/www/yii/framework/web/CController.php(782): CategoryController->renderPartial()
#2 /home/yongji/www/yii/show/protected/controllers/CategoryController.php(12): CategoryController->render()
#3 /home/yongji/www/yii/framework/web/actions/CInlineAction.php(49): CategoryController->actionShow()
#4 /home/yongji/www/yii/framework/web/CController.php(308): CInlineAction->runWithParams()
#5 /home/yongji/www/yii/framework/web/CController.php(286): CategoryController->runAction()
#6 /home/yongji/www/yii/framework/web/CController.php(265): CategoryController->runActionWithFilters()
#7 /home/yongji/www/yii/framework/web/CWebApplication.php(282): CategoryController->run()
#8 /home/yongji/www/yii/framework/web/CWebApplication.php(141): CWebApplication->runController()
#9 /home/yongji/www/yii/framework/base/CApplication.php(180): CWebApplication->processRequest()
#10 /home/yongji/www/yii/show/index.php(13): CWebApplication->run()
REQUEST_URI=/category/show
in /home/yongji/www/yii/show/protected/views/category/show.php (11)
in /home/yongji/www/yii/show/protected/controllers/CategoryController.php (12)
in /home/yongji/www/yii/show/index.php (13)
